# JRE version: Java(TM) SE Runtime Environment (8.0_91-b14) (build 1.8.0_91-b14)
# Java VM: Java HotSpot(TM) 64-Bit Server VM (25.91-b14 mixed mode windows-amd64 compressed oops)
Heap:
 PSYoungGen      total 38400K, used 5471K [0x00000000d5e00000, 0x00000000d8880000, 0x0000000100000000)
  eden space 33280K, 3% used [0x00000000d5e00000,0x00000000d5efd7d8,0x00000000d7e80000)
  from space 5120K, 87% used [0x00000000d7e80000,0x00000000d82da6c8,0x00000000d8380000)
  to   space 5120K, 0% used [0x00000000d8380000,0x00000000d8380000,0x00000000d8880000)
 ParOldGen       total 87552K, used 22622K [0x0000000081a00000, 0x0000000086f80000, 0x00000000d5e00000)
  object space 87552K, 25% used [0x0000000081a00000,0x0000000083017a78,0x0000000086f80000)
 Metaspace       used 19633K, capacity 19886K, committed 20224K, reserved 1067008K
  class space    used 2376K, capacity 2481K, committed 2560K, reserved 1048576K
GC Heap History (6 events):
Event: 3.912 GC heap before
{Heap before GC invocations=1 (full 0):
 PSYoungGen      total 38400K, used 25826K [0x00000000d5e00000, 0x00000000d8880000, 0x0000000100000000)
  eden space 33280K, 77% used [0x00000000d5e00000,0x00000000d77388f0,0x00000000d7e80000)
  from space 5120K, 0% used [0x00000000d8380000,0x00000000d8380000,0x00000000d8880000)
  to   space 5120K, 0% used [0x00000000d7e80000,0x00000000d7e80000,0x00000000d8380000)
 ParOldGen       total 87552K, used 0K [0x0000000081a00000, 0x0000000086f80000, 0x00000000d5e00000)
  object space 87552K, 0% used [0x0000000081a00000,0x0000000081a00000,0x0000000086f80000)
 Metaspace       used 17216K, capacity 17416K, committed 17664K, reserved 1064960K
  class space    used 2194K, capacity 2282K, committed 2304K, reserved 1048576K
Event: 3.927 GC heap after
Heap after GC invocations=1 (full 0):
 PSYoungGen      total 38400K, used 5112K [0x00000000d5e00000, 0x00000000d8880000, 0x0000000100000000)
  eden space 33280K, 0% used [0x00000000d5e00000,0x00000000d5e00000,0x00000000d7e80000)
  from space 5120K, 99% used [0x00000000d7e80000,0x00000000d837e010,0x00000000d8380000)
  to   space 5120K, 0% used [0x00000000d8380000,0x00000000d8380000,0x00000000d8880000)
 ParOldGen       total 87552K, used 4040K [0x0000000081a00000, 0x0000000086f80000, 0x00000000d5e00000)
  object space 87552K, 4% used [0x0000000081a00000,0x0000000081df20d0,0x0000000086f80000)
 Metaspace       used 17216K, capacity 17416K, committed 17664K, reserved 1064960K
  class space    used 2194K, capacity 2282K, committed 2304K, reserved 1048576K
}
Event: 39.143 GC heap before
{Heap before GC invocations=2 (full 0):
 PSYoungGen      total 38400K, used 38392K [0x00000000d5e00000, 0x00000000d8880000, 0x0000000100000000)
  eden space 33280K, 100% used [0x00000000d5e00000,0x00000000d7e80000,0x00000000d7e80000)
  from space 5120K, 99% used [0x00000000d7e80000,0x00000000d837e010,0x00000000d8380000)
  to   space 5120K, 0% used [0x00000000d8380000,0x00000000d8380000,0x00000000d8880000)
 ParOldGen       total 87552K, used 4040K [0x0000000081a00000, 0x0000000086f80000, 0x00000000d5e00000)
  object space 87552K, 4% used [0x0000000081a00000,0x0000000081df20d0,0x0000000086f80000)
 Metaspace       used 19016K, capacity 19214K, committed 19584K, reserved 1067008K
  class space    used 2335K, capacity 2413K, committed 2432K, reserved 1048576K
Event: 39.163 GC heap after
Heap after GC invocations=2 (full 0):
 PSYoungGen      total 38400K, used 3486K [0x00000000d5e00000, 0x00000000d8880000, 0x0000000100000000)
  eden space 33280K, 0% used [0x00000000d5e00000,0x00000000d5e00000,0x00000000d7e80000)
  from space 5120K, 68% used [0x00000000d8380000,0x00000000d86e79d0,0x00000000d8880000)
  to   space 5120K, 0% used [0x00000000d7e80000,0x00000000d7e80000,0x00000000d8380000)
 ParOldGen       total 87552K, used 14939K [0x0000000081a00000, 0x0000000086f80000, 0x00000000d5e00000)
  object space 87552K, 17% used [0x0000000081a00000,0x0000000082896ef0,0x0000000086f80000)
 Metaspace       used 19016K, capacity 19214K, committed 19584K, reserved 1067008K
  class space    used 2335K, capacity 2413K, committed 2432K, reserved 1048576K
}
Event: 176.066 GC heap before
{Heap before GC invocations=3 (full 0):
 PSYoungGen      total 38400K, used 36766K [0x00000000d5e00000, 0x00000000d8880000, 0x0000000100000000)
  eden space 33280K, 100% used [0x00000000d5e00000,0x00000000d7e80000,0x00000000d7e80000)
  from space 5120K, 68% used [0x00000000d8380000,0x00000000d86e79d0,0x00000000d8880000)
  to   space 5120K, 0% used [0x00000000d7e80000,0x00000000d7e80000,0x00000000d8380000)
 ParOldGen       total 87552K, used 14939K [0x0000000081a00000, 0x0000000086f80000, 0x00000000d5e00000)
  object space 87552K, 17% used [0x0000000081a00000,0x0000000082896ef0,0x0000000086f80000)
 Metaspace       used 19629K, capacity 19886K, committed 20224K, reserved 1067008K
  class space    used 2376K, capacity 2481K, committed 2560K, reserved 1048576K
Event: 176.093 GC heap after
Heap after GC invocations=3 (full 0):
 PSYoungGen      total 38400K, used 4457K [0x00000000d5e00000, 0x00000000d8880000, 0x0000000100000000)
  eden space 33280K, 0% used [0x00000000d5e00000,0x00000000d5e00000,0x00000000d7e80000)
  from space 5120K, 87% used [0x00000000d7e80000,0x00000000d82da6c8,0x00000000d8380000)
  to   space 5120K, 0% used [0x00000000d8380000,0x00000000d8380000,0x00000000d8880000)
 ParOldGen       total 87552K, used 22622K [0x0000000081a00000, 0x0000000086f80000, 0x00000000d5e00000)
  object space 87552K, 25% used [0x0000000081a00000,0x0000000083017a78,0x0000000086f80000)
 Metaspace       used 19629K, capacity 19886K, committed 20224K, reserved 1067008K
  class space    used 2376K, capacity 2481K, committed 2560K, reserved 1048576K
}

