# JRE version: Java(TM) SE Runtime Environment (8.0_91-b14) (build 1.8.0_91-b14)
# Java VM: Java HotSpot(TM) 64-Bit Server VM (25.91-b14 mixed mode windows-amd64 compressed oops)
Heap:
 PSYoungGen      total 38400K, used 11649K [0x00000000d5e00000, 0x00000000d8880000, 0x0000000100000000)
  eden space 33280K, 35% used [0x00000000d5e00000,0x00000000d69607f0,0x00000000d7e80000)
  from space 5120K, 0% used [0x00000000d7e80000,0x00000000d7e80000,0x00000000d8380000)
  to   space 5120K, 0% used [0x00000000d8380000,0x00000000d8380000,0x00000000d8880000)
 ParOldGen       total 61952K, used 999K [0x0000000081a00000, 0x0000000085680000, 0x00000000d5e00000)
  object space 61952K, 1% used [0x0000000081a00000,0x0000000081af9d18,0x0000000085680000)
 Metaspace       used 13420K, capacity 13614K, committed 13952K, reserved 1064960K
  class space    used 1748K, capacity 1823K, committed 1920K, reserved 1048576K
GC Heap History (4 events):
Event: 0.276 GC heap before
{Heap before GC invocations=1 (full 0):
 PSYoungGen      total 38400K, used 4659K [0x00000000d5e00000, 0x00000000d8880000, 0x0000000100000000)
  eden space 33280K, 14% used [0x00000000d5e00000,0x00000000d628cd40,0x00000000d7e80000)
  from space 5120K, 0% used [0x00000000d8380000,0x00000000d8380000,0x00000000d8880000)
  to   space 5120K, 0% used [0x00000000d7e80000,0x00000000d7e80000,0x00000000d8380000)
 ParOldGen       total 87552K, used 0K [0x0000000081a00000, 0x0000000086f80000, 0x00000000d5e00000)
  object space 87552K, 0% used [0x0000000081a00000,0x0000000081a00000,0x0000000086f80000)
 Metaspace       used 6857K, capacity 6986K, committed 7040K, reserved 1062912K
  class space    used 789K, capacity 856K, committed 896K, reserved 1048576K
Event: 0.279 GC heap after
Heap after GC invocations=1 (full 0):
 PSYoungGen      total 38400K, used 1104K [0x00000000d5e00000, 0x00000000d8880000, 0x0000000100000000)
  eden space 33280K, 0% used [0x00000000d5e00000,0x00000000d5e00000,0x00000000d7e80000)
  from space 5120K, 21% used [0x00000000d7e80000,0x00000000d7f94010,0x00000000d8380000)
  to   space 5120K, 0% used [0x00000000d8380000,0x00000000d8380000,0x00000000d8880000)
 ParOldGen       total 87552K, used 8K [0x0000000081a00000, 0x0000000086f80000, 0x00000000d5e00000)
  object space 87552K, 0% used [0x0000000081a00000,0x0000000081a02000,0x0000000086f80000)
 Metaspace       used 6857K, capacity 6986K, committed 7040K, reserved 1062912K
  class space    used 789K, capacity 856K, committed 896K, reserved 1048576K
}
Event: 0.279 GC heap before
{Heap before GC invocations=2 (full 1):
 PSYoungGen      total 38400K, used 1104K [0x00000000d5e00000, 0x00000000d8880000, 0x0000000100000000)
  eden space 33280K, 0% used [0x00000000d5e00000,0x00000000d5e00000,0x00000000d7e80000)
  from space 5120K, 21% used [0x00000000d7e80000,0x00000000d7f94010,0x00000000d8380000)
  to   space 5120K, 0% used [0x00000000d8380000,0x00000000d8380000,0x00000000d8880000)
 ParOldGen       total 87552K, used 8K [0x0000000081a00000, 0x0000000086f80000, 0x00000000d5e00000)
  object space 87552K, 0% used [0x0000000081a00000,0x0000000081a02000,0x0000000086f80000)
 Metaspace       used 6857K, capacity 6986K, committed 7040K, reserved 1062912K
  class space    used 789K, capacity 856K, committed 896K, reserved 1048576K
Event: 0.291 GC heap after
Heap after GC invocations=2 (full 1):
 PSYoungGen      total 38400K, used 0K [0x00000000d5e00000, 0x00000000d8880000, 0x0000000100000000)
  eden space 33280K, 0% used [0x00000000d5e00000,0x00000000d5e00000,0x00000000d7e80000)
  from space 5120K, 0% used [0x00000000d7e80000,0x00000000d7e80000,0x00000000d8380000)
  to   space 5120K, 0% used [0x00000000d8380000,0x00000000d8380000,0x00000000d8880000)
 ParOldGen       total 61952K, used 999K [0x0000000081a00000, 0x0000000085680000, 0x00000000d5e00000)
  object space 61952K, 1% used [0x0000000081a00000,0x0000000081af9d18,0x0000000085680000)
 Metaspace       used 6857K, capacity 6986K, committed 7040K, reserved 1060864K
  class space    used 789K, capacity 856K, committed 896K, reserved 1048576K
}

